{"C:\\Users\\Lucie\\Documents\\carbon-it\\chasse-aux-tresors\\src\\constants\\CellType.enum.ts": {"path":"C:\\Users\\Lucie\\Documents\\carbon-it\\chasse-aux-tresors\\src\\constants\\CellType.enum.ts","statementMap":{"0":{"start":{"line":1,"column":0},"end":{"line":1,"column":null}},"1":{"start":{"line":2,"column":2},"end":{"line":2,"column":null}},"2":{"start":{"line":3,"column":2},"end":{"line":3,"column":null}}},"fnMap":{"0":{"name":"(anonymous_0)","decl":{"start":{"line":1,"column":0},"end":{"line":1,"column":12}},"loc":{"start":{"line":1,"column":24},"end":{"line":4,"column":1}}}},"branchMap":{"0":{"loc":{"start":{"line":1,"column":12},"end":{"line":1,"column":null}},"type":"binary-expr","locations":[{"start":{"line":1,"column":12},"end":{"line":1,"column":24}},{"start":{"line":1,"column":24},"end":{"line":1,"column":null}}]}},"s":{"0":6,"1":6,"2":6},"f":{"0":6},"b":{"0":[6,6]}}
,"C:\\Users\\Lucie\\Documents\\carbon-it\\chasse-aux-tresors\\src\\constants\\MapConfig.constants.ts": {"path":"C:\\Users\\Lucie\\Documents\\carbon-it\\chasse-aux-tresors\\src\\constants\\MapConfig.constants.ts","statementMap":{"0":{"start":{"line":1,"column":16},"end":{"line":1,"column":19}},"1":{"start":{"line":2,"column":17},"end":{"line":2,"column":20}},"2":{"start":{"line":3,"column":17},"end":{"line":3,"column":20}},"3":{"start":{"line":4,"column":19},"end":{"line":4,"column":22}},"4":{"start":{"line":5,"column":18},"end":{"line":5,"column":21}},"5":{"start":{"line":6,"column":14},"end":{"line":6,"column":17}},"6":{"start":{"line":8,"column":13},"end":{"line":15,"column":2}}},"fnMap":{},"branchMap":{},"s":{"0":5,"1":5,"2":5,"3":5,"4":5,"5":5,"6":5},"f":{},"b":{}}
,"C:\\Users\\Lucie\\Documents\\carbon-it\\chasse-aux-tresors\\src\\constants\\Orientation.constants.ts": {"path":"C:\\Users\\Lucie\\Documents\\carbon-it\\chasse-aux-tresors\\src\\constants\\Orientation.constants.ts","statementMap":{"0":{"start":{"line":1,"column":14},"end":{"line":1,"column":17}},"1":{"start":{"line":2,"column":13},"end":{"line":2,"column":16}},"2":{"start":{"line":3,"column":14},"end":{"line":3,"column":17}},"3":{"start":{"line":4,"column":13},"end":{"line":4,"column":16}},"4":{"start":{"line":6,"column":13},"end":{"line":11,"column":2}}},"fnMap":{},"branchMap":{},"s":{"0":5,"1":5,"2":5,"3":5,"4":5},"f":{},"b":{}}
,"C:\\Users\\Lucie\\Documents\\carbon-it\\chasse-aux-tresors\\src\\constants\\Sequence.constants.ts": {"path":"C:\\Users\\Lucie\\Documents\\carbon-it\\chasse-aux-tresors\\src\\constants\\Sequence.constants.ts","statementMap":{"0":{"start":{"line":1,"column":11},"end":{"line":1,"column":14}},"1":{"start":{"line":2,"column":10},"end":{"line":2,"column":13}},"2":{"start":{"line":3,"column":10},"end":{"line":3,"column":13}},"3":{"start":{"line":5,"column":13},"end":{"line":9,"column":null}}},"fnMap":{},"branchMap":{},"s":{"0":3,"1":3,"2":3,"3":3},"f":{},"b":{}}
,"C:\\Users\\Lucie\\Documents\\carbon-it\\chasse-aux-tresors\\src\\models\\Adventurer.ts": {"path":"C:\\Users\\Lucie\\Documents\\carbon-it\\chasse-aux-tresors\\src\\models\\Adventurer.ts","statementMap":{"0":{"start":{"line":1,"column":0},"end":{"line":1,"column":58}},"1":{"start":{"line":2,"column":0},"end":{"line":2,"column":75}},"2":{"start":{"line":4,"column":0},"end":{"line":4,"column":38}},"3":{"start":{"line":6,"column":0},"end":{"line":6,"column":57}},"4":{"start":{"line":22,"column":4},"end":{"line":22,"column":21}},"5":{"start":{"line":23,"column":4},"end":{"line":23,"column":29}},"6":{"start":{"line":24,"column":4},"end":{"line":24,"column":35}},"7":{"start":{"line":25,"column":4},"end":{"line":25,"column":39}},"8":{"start":{"line":26,"column":4},"end":{"line":26,"column":31}},"9":{"start":{"line":30,"column":4},"end":{"line":45,"column":5}},"10":{"start":{"line":32,"column":8},"end":{"line":32,"column":54}},"11":{"start":{"line":33,"column":8},"end":{"line":33,"column":14}},"12":{"start":{"line":35,"column":8},"end":{"line":35,"column":55}},"13":{"start":{"line":36,"column":8},"end":{"line":36,"column":14}},"14":{"start":{"line":38,"column":8},"end":{"line":38,"column":54}},"15":{"start":{"line":39,"column":8},"end":{"line":39,"column":14}},"16":{"start":{"line":41,"column":8},"end":{"line":41,"column":55}},"17":{"start":{"line":42,"column":8},"end":{"line":42,"column":14}},"18":{"start":{"line":44,"column":8},"end":{"line":44,"column":68}},"19":{"start":{"line":49,"column":4},"end":{"line":64,"column":5}},"20":{"start":{"line":51,"column":8},"end":{"line":51,"column":54}},"21":{"start":{"line":52,"column":8},"end":{"line":52,"column":14}},"22":{"start":{"line":54,"column":8},"end":{"line":54,"column":55}},"23":{"start":{"line":55,"column":8},"end":{"line":55,"column":14}},"24":{"start":{"line":57,"column":8},"end":{"line":57,"column":54}},"25":{"start":{"line":58,"column":8},"end":{"line":58,"column":14}},"26":{"start":{"line":60,"column":8},"end":{"line":60,"column":55}},"27":{"start":{"line":61,"column":8},"end":{"line":61,"column":14}},"28":{"start":{"line":63,"column":8},"end":{"line":63,"column":68}},"29":{"start":{"line":68,"column":25},"end":{"line":70,"column":null}},"30":{"start":{"line":72,"column":4},"end":{"line":87,"column":5}},"31":{"start":{"line":74,"column":8},"end":{"line":74,"column":36}},"32":{"start":{"line":75,"column":8},"end":{"line":75,"column":14}},"33":{"start":{"line":77,"column":8},"end":{"line":77,"column":36}},"34":{"start":{"line":78,"column":8},"end":{"line":78,"column":14}},"35":{"start":{"line":80,"column":8},"end":{"line":80,"column":36}},"36":{"start":{"line":81,"column":8},"end":{"line":81,"column":14}},"37":{"start":{"line":83,"column":8},"end":{"line":83,"column":36}},"38":{"start":{"line":84,"column":8},"end":{"line":84,"column":14}},"39":{"start":{"line":86,"column":8},"end":{"line":86,"column":68}},"40":{"start":{"line":88,"column":4},"end":{"line":88,"column":24}},"41":{"start":{"line":92,"column":25},"end":{"line":92,"column":47}},"42":{"start":{"line":94,"column":4},"end":{"line":99,"column":5}},"43":{"start":{"line":95,"column":6},"end":{"line":97,"column":8}},"44":{"start":{"line":98,"column":6},"end":{"line":98,"column":19}},"45":{"start":{"line":101,"column":21},"end":{"line":101,"column":47}},"46":{"start":{"line":103,"column":4},"end":{"line":108,"column":5}},"47":{"start":{"line":104,"column":6},"end":{"line":106,"column":8}},"48":{"start":{"line":107,"column":6},"end":{"line":107,"column":19}},"49":{"start":{"line":110,"column":16},"end":{"line":110,"column":69}},"50":{"start":{"line":111,"column":4},"end":{"line":116,"column":5}},"51":{"start":{"line":112,"column":6},"end":{"line":114,"column":8}},"52":{"start":{"line":115,"column":6},"end":{"line":115,"column":19}},"53":{"start":{"line":118,"column":4},"end":{"line":118,"column":16}},"54":{"start":{"line":149,"column":4},"end":{"line":149,"column":28}},"55":{"start":{"line":8,"column":0},"end":{"line":8,"column":13}}},"fnMap":{"0":{"name":"(anonymous_0)","decl":{"start":{"line":15,"column":2},"end":{"line":15,"column":null}},"loc":{"start":{"line":20,"column":23},"end":{"line":27,"column":3}}},"1":{"name":"(anonymous_1)","decl":{"start":{"line":29,"column":2},"end":{"line":29,"column":10}},"loc":{"start":{"line":29,"column":10},"end":{"line":46,"column":3}}},"2":{"name":"(anonymous_2)","decl":{"start":{"line":48,"column":2},"end":{"line":48,"column":11}},"loc":{"start":{"line":48,"column":11},"end":{"line":65,"column":3}}},"3":{"name":"(anonymous_3)","decl":{"start":{"line":67,"column":2},"end":{"line":67,"column":17}},"loc":{"start":{"line":67,"column":17},"end":{"line":89,"column":3}}},"4":{"name":"(anonymous_4)","decl":{"start":{"line":91,"column":2},"end":{"line":91,"column":19}},"loc":{"start":{"line":91,"column":63},"end":{"line":119,"column":3}}},"5":{"name":"(anonymous_5)","decl":{"start":{"line":148,"column":2},"end":{"line":148,"column":16}},"loc":{"start":{"line":148,"column":16},"end":{"line":150,"column":3}}}},"branchMap":{"0":{"loc":{"start":{"line":19,"column":4},"end":{"line":19,"column":29}},"type":"default-arg","locations":[{"start":{"line":19,"column":28},"end":{"line":19,"column":29}}]},"1":{"loc":{"start":{"line":30,"column":4},"end":{"line":45,"column":5}},"type":"switch","locations":[{"start":{"line":31,"column":6},"end":{"line":33,"column":14}},{"start":{"line":34,"column":6},"end":{"line":36,"column":14}},{"start":{"line":37,"column":6},"end":{"line":39,"column":14}},{"start":{"line":40,"column":6},"end":{"line":42,"column":14}},{"start":{"line":43,"column":6},"end":{"line":44,"column":68}}]},"2":{"loc":{"start":{"line":49,"column":4},"end":{"line":64,"column":5}},"type":"switch","locations":[{"start":{"line":50,"column":6},"end":{"line":52,"column":14}},{"start":{"line":53,"column":6},"end":{"line":55,"column":14}},{"start":{"line":56,"column":6},"end":{"line":58,"column":14}},{"start":{"line":59,"column":6},"end":{"line":61,"column":14}},{"start":{"line":62,"column":6},"end":{"line":63,"column":68}}]},"3":{"loc":{"start":{"line":72,"column":4},"end":{"line":87,"column":5}},"type":"switch","locations":[{"start":{"line":73,"column":6},"end":{"line":75,"column":14}},{"start":{"line":76,"column":6},"end":{"line":78,"column":14}},{"start":{"line":79,"column":6},"end":{"line":81,"column":14}},{"start":{"line":82,"column":6},"end":{"line":84,"column":14}},{"start":{"line":85,"column":6},"end":{"line":86,"column":68}}]},"4":{"loc":{"start":{"line":94,"column":4},"end":{"line":99,"column":5}},"type":"if","locations":[{"start":{"line":94,"column":4},"end":{"line":99,"column":5}},{"start":{},"end":{}}]},"5":{"loc":{"start":{"line":103,"column":4},"end":{"line":108,"column":5}},"type":"if","locations":[{"start":{"line":103,"column":4},"end":{"line":108,"column":5}},{"start":{},"end":{}}]},"6":{"loc":{"start":{"line":111,"column":4},"end":{"line":116,"column":5}},"type":"if","locations":[{"start":{"line":111,"column":4},"end":{"line":116,"column":5}},{"start":{},"end":{}}]},"7":{"loc":{"start":{"line":111,"column":8},"end":{"line":111,"column":72}},"type":"binary-expr","locations":[{"start":{"line":111,"column":8},"end":{"line":111,"column":35}},{"start":{"line":111,"column":39},"end":{"line":111,"column":72}}]}},"s":{"0":5,"1":5,"2":5,"3":5,"4":43,"5":43,"6":43,"7":43,"8":43,"9":7,"10":1,"11":1,"12":1,"13":1,"14":2,"15":2,"16":2,"17":2,"18":1,"19":12,"20":1,"21":1,"22":1,"23":1,"24":4,"25":4,"26":5,"27":5,"28":1,"29":43,"30":43,"31":11,"32":11,"33":11,"34":11,"35":9,"36":9,"37":11,"38":11,"39":1,"40":42,"41":19,"42":19,"43":2,"44":2,"45":17,"46":17,"47":4,"48":4,"49":13,"50":13,"51":3,"52":3,"53":10,"54":8,"55":5},"f":{"0":43,"1":7,"2":12,"3":43,"4":19,"5":8},"b":{"0":[20],"1":[1,1,2,2,1],"2":[1,1,4,5,1],"3":[11,11,9,11,1],"4":[2,17],"5":[4,13],"6":[3,10],"7":[13,12]}}
,"C:\\Users\\Lucie\\Documents\\carbon-it\\chasse-aux-tresors\\src\\models\\Cell.ts": {"path":"C:\\Users\\Lucie\\Documents\\carbon-it\\chasse-aux-tresors\\src\\models\\Cell.ts","statementMap":{"0":{"start":{"line":1,"column":0},"end":{"line":1,"column":58}},"1":{"start":{"line":10,"column":4},"end":{"line":10,"column":39}},"2":{"start":{"line":11,"column":4},"end":{"line":11,"column":29}},"3":{"start":{"line":12,"column":4},"end":{"line":12,"column":47}},"4":{"start":{"line":16,"column":4},"end":{"line":18,"column":5}},"5":{"start":{"line":17,"column":6},"end":{"line":17,"column":null}},"6":{"start":{"line":19,"column":4},"end":{"line":19,"column":40}},"7":{"start":{"line":23,"column":4},"end":{"line":25,"column":5}},"8":{"start":{"line":24,"column":6},"end":{"line":24,"column":56}},"9":{"start":{"line":26,"column":4},"end":{"line":26,"column":40}},"10":{"start":{"line":4,"column":0},"end":{"line":4,"column":13}}},"fnMap":{"0":{"name":"(anonymous_0)","decl":{"start":{"line":9,"column":2},"end":{"line":9,"column":14}},"loc":{"start":{"line":9,"column":90},"end":{"line":13,"column":3}}},"1":{"name":"(anonymous_1)","decl":{"start":{"line":15,"column":2},"end":{"line":15,"column":13}},"loc":{"start":{"line":15,"column":35},"end":{"line":20,"column":3}}},"2":{"name":"(anonymous_2)","decl":{"start":{"line":22,"column":2},"end":{"line":22,"column":16}},"loc":{"start":{"line":22,"column":38},"end":{"line":27,"column":3}}}},"branchMap":{"0":{"loc":{"start":{"line":16,"column":4},"end":{"line":18,"column":5}},"type":"if","locations":[{"start":{"line":16,"column":4},"end":{"line":18,"column":5}},{"start":{},"end":{}}]},"1":{"loc":{"start":{"line":23,"column":4},"end":{"line":25,"column":5}},"type":"if","locations":[{"start":{"line":23,"column":4},"end":{"line":25,"column":5}},{"start":{},"end":{}}]}},"s":{"0":6,"1":529,"2":529,"3":529,"4":25,"5":1,"6":24,"7":2,"8":1,"9":1,"10":6},"f":{"0":529,"1":25,"2":2},"b":{"0":[1,24],"1":[1,1]}}
,"C:\\Users\\Lucie\\Documents\\carbon-it\\chasse-aux-tresors\\src\\models\\Grid.ts": {"path":"C:\\Users\\Lucie\\Documents\\carbon-it\\chasse-aux-tresors\\src\\models\\Grid.ts","statementMap":{"0":{"start":{"line":1,"column":0},"end":{"line":1,"column":58}},"1":{"start":{"line":2,"column":0},"end":{"line":2,"column":70}},"2":{"start":{"line":3,"column":0},"end":{"line":3,"column":30}},"3":{"start":{"line":6,"column":0},"end":{"line":6,"column":57}},"4":{"start":{"line":11,"column":20},"end":{"line":11,"column":22}},"5":{"start":{"line":14,"column":4},"end":{"line":14,"column":23}},"6":{"start":{"line":15,"column":4},"end":{"line":15,"column":25}},"7":{"start":{"line":16,"column":4},"end":{"line":21,"column":6}},"8":{"start":{"line":17,"column":6},"end":{"line":19,"column":null}},"9":{"start":{"line":19,"column":18},"end":{"line":19,"column":63}},"10":{"start":{"line":25,"column":4},"end":{"line":27,"column":5}},"11":{"start":{"line":26,"column":6},"end":{"line":26,"column":48}},"12":{"start":{"line":28,"column":4},"end":{"line":28,"column":62}},"13":{"start":{"line":32,"column":4},"end":{"line":32,"column":50}},"14":{"start":{"line":36,"column":4},"end":{"line":36,"column":54}},"15":{"start":{"line":40,"column":4},"end":{"line":56,"column":5}},"16":{"start":{"line":40,"column":17},"end":{"line":40,"column":18}},"17":{"start":{"line":41,"column":16},"end":{"line":41,"column":18}},"18":{"start":{"line":42,"column":6},"end":{"line":54,"column":7}},"19":{"start":{"line":42,"column":19},"end":{"line":42,"column":20}},"20":{"start":{"line":43,"column":21},"end":{"line":43,"column":37}},"21":{"start":{"line":45,"column":8},"end":{"line":53,"column":9}},"22":{"start":{"line":46,"column":10},"end":{"line":46,"column":118}},"23":{"start":{"line":47,"column":15},"end":{"line":53,"column":9}},"24":{"start":{"line":48,"column":10},"end":{"line":48,"column":77}},"25":{"start":{"line":49,"column":15},"end":{"line":53,"column":9}},"26":{"start":{"line":50,"column":10},"end":{"line":50,"column":100}},"27":{"start":{"line":52,"column":10},"end":{"line":52,"column":78}},"28":{"start":{"line":55,"column":6},"end":{"line":55,"column":23}},"29":{"start":{"line":8,"column":0},"end":{"line":8,"column":13}}},"fnMap":{"0":{"name":"(anonymous_0)","decl":{"start":{"line":13,"column":2},"end":{"line":13,"column":14}},"loc":{"start":{"line":13,"column":60},"end":{"line":22,"column":3}}},"1":{"name":"(anonymous_1)","decl":{"start":{"line":16,"column":61},"end":{"line":16,"column":62}},"loc":{"start":{"line":17,"column":6},"end":{"line":19,"column":null}}},"2":{"name":"(anonymous_2)","decl":{"start":{"line":19,"column":8},"end":{"line":19,"column":9}},"loc":{"start":{"line":19,"column":18},"end":{"line":19,"column":63}}},"3":{"name":"(anonymous_3)","decl":{"start":{"line":24,"column":2},"end":{"line":24,"column":9}},"loc":{"start":{"line":24,"column":28},"end":{"line":29,"column":3}}},"4":{"name":"(anonymous_4)","decl":{"start":{"line":31,"column":2},"end":{"line":31,"column":13}},"loc":{"start":{"line":31,"column":59},"end":{"line":33,"column":3}}},"5":{"name":"(anonymous_5)","decl":{"start":{"line":35,"column":2},"end":{"line":35,"column":19}},"loc":{"start":{"line":35,"column":61},"end":{"line":37,"column":3}}},"6":{"name":"(anonymous_6)","decl":{"start":{"line":39,"column":2},"end":{"line":39,"column":11}},"loc":{"start":{"line":39,"column":11},"end":{"line":57,"column":3}}}},"branchMap":{"0":{"loc":{"start":{"line":25,"column":4},"end":{"line":27,"column":5}},"type":"if","locations":[{"start":{"line":25,"column":4},"end":{"line":27,"column":5}},{"start":{},"end":{}}]},"1":{"loc":{"start":{"line":45,"column":8},"end":{"line":53,"column":9}},"type":"if","locations":[{"start":{"line":45,"column":8},"end":{"line":53,"column":9}},{"start":{"line":47,"column":15},"end":{"line":53,"column":9}}]},"2":{"loc":{"start":{"line":47,"column":15},"end":{"line":53,"column":9}},"type":"if","locations":[{"start":{"line":47,"column":15},"end":{"line":53,"column":9}},{"start":{"line":49,"column":15},"end":{"line":53,"column":9}}]},"3":{"loc":{"start":{"line":49,"column":15},"end":{"line":53,"column":9}},"type":"if","locations":[{"start":{"line":49,"column":15},"end":{"line":53,"column":9}},{"start":{"line":51,"column":15},"end":{"line":53,"column":9}}]}},"s":{"0":5,"1":5,"2":5,"3":5,"4":44,"5":44,"6":44,"7":44,"8":175,"9":525,"10":116,"11":1,"12":115,"13":31,"14":23,"15":1,"16":1,"17":4,"18":4,"19":4,"20":12,"21":12,"22":1,"23":11,"24":1,"25":10,"26":1,"27":9,"28":4,"29":5},"f":{"0":44,"1":175,"2":525,"3":116,"4":31,"5":23,"6":1},"b":{"0":[1,115],"1":[1,11],"2":[1,10],"3":[1,9]}}
,"C:\\Users\\Lucie\\Documents\\carbon-it\\chasse-aux-tresors\\src\\models\\Position.ts": {"path":"C:\\Users\\Lucie\\Documents\\carbon-it\\chasse-aux-tresors\\src\\models\\Position.ts","statementMap":{"0":{"start":{"line":6,"column":4},"end":{"line":6,"column":31}},"1":{"start":{"line":7,"column":4},"end":{"line":7,"column":31}},"2":{"start":{"line":1,"column":0},"end":{"line":1,"column":13}}},"fnMap":{"0":{"name":"(anonymous_0)","decl":{"start":{"line":5,"column":2},"end":{"line":5,"column":14}},"loc":{"start":{"line":5,"column":50},"end":{"line":8,"column":3}}}},"branchMap":{},"s":{"0":145,"1":145,"2":6},"f":{"0":145},"b":{}}
,"C:\\Users\\Lucie\\Documents\\carbon-it\\chasse-aux-tresors\\src\\utils\\adventurerMovementSimulatorUtils.ts": {"path":"C:\\Users\\Lucie\\Documents\\carbon-it\\chasse-aux-tresors\\src\\utils\\adventurerMovementSimulatorUtils.ts","statementMap":{"0":{"start":{"line":4,"column":0},"end":{"line":4,"column":16}},"1":{"start":{"line":8,"column":19},"end":{"line":8,"column":74}},"2":{"start":{"line":8,"column":54},"end":{"line":8,"column":72}},"3":{"start":{"line":10,"column":2},"end":{"line":69,"column":3}},"4":{"start":{"line":10,"column":15},"end":{"line":10,"column":16}},"5":{"start":{"line":12,"column":30},"end":{"line":13,"column":null}},"6":{"start":{"line":13,"column":29},"end":{"line":13,"column":78}},"7":{"start":{"line":16,"column":4},"end":{"line":68,"column":5}},"8":{"start":{"line":17,"column":23},"end":{"line":17,"column":46}},"9":{"start":{"line":18,"column":6},"end":{"line":18,"column":30}},"10":{"start":{"line":18,"column":21},"end":{"line":18,"column":30}},"11":{"start":{"line":20,"column":6},"end":{"line":67,"column":7}},"12":{"start":{"line":22,"column":31},"end":{"line":22,"column":59}},"13":{"start":{"line":23,"column":22},"end":{"line":23,"column":75}},"14":{"start":{"line":26,"column":10},"end":{"line":28,"column":11}},"15":{"start":{"line":27,"column":12},"end":{"line":27,"column":21}},"16":{"start":{"line":30,"column":30},"end":{"line":30,"column":66}},"17":{"start":{"line":31,"column":27},"end":{"line":31,"column":56}},"18":{"start":{"line":34,"column":10},"end":{"line":34,"column":54}},"19":{"start":{"line":35,"column":10},"end":{"line":35,"column":45}},"20":{"start":{"line":36,"column":10},"end":{"line":36,"column":57}},"21":{"start":{"line":38,"column":10},"end":{"line":40,"column":12}},"22":{"start":{"line":43,"column":10},"end":{"line":49,"column":11}},"23":{"start":{"line":44,"column":12},"end":{"line":44,"column":40}},"24":{"start":{"line":45,"column":12},"end":{"line":45,"column":40}},"25":{"start":{"line":46,"column":12},"end":{"line":48,"column":14}},"26":{"start":{"line":50,"column":10},"end":{"line":50,"column":16}},"27":{"start":{"line":54,"column":10},"end":{"line":54,"column":32}},"28":{"start":{"line":55,"column":11},"end":{"line":57,"column":13}},"29":{"start":{"line":58,"column":10},"end":{"line":58,"column":16}},"30":{"start":{"line":61,"column":10},"end":{"line":61,"column":33}},"31":{"start":{"line":62,"column":10},"end":{"line":62,"column":68}},"32":{"start":{"line":63,"column":10},"end":{"line":63,"column":16}},"33":{"start":{"line":66,"column":10},"end":{"line":66,"column":59}}},"fnMap":{"0":{"name":"silmulateAdventurerMovement","decl":{"start":{"line":4,"column":16},"end":{"line":4,"column":43}},"loc":{"start":{"line":6,"column":15},"end":{"line":70,"column":1}}},"1":{"name":"(anonymous_1)","decl":{"start":{"line":8,"column":47},"end":{"line":8,"column":48}},"loc":{"start":{"line":8,"column":54},"end":{"line":8,"column":72}}},"2":{"name":"(anonymous_2)","decl":{"start":{"line":13,"column":22},"end":{"line":13,"column":23}},"loc":{"start":{"line":13,"column":29},"end":{"line":13,"column":78}}}},"branchMap":{"0":{"loc":{"start":{"line":18,"column":6},"end":{"line":18,"column":30}},"type":"if","locations":[{"start":{"line":18,"column":6},"end":{"line":18,"column":30}},{"start":{},"end":{}}]},"1":{"loc":{"start":{"line":20,"column":6},"end":{"line":67,"column":7}},"type":"switch","locations":[{"start":{"line":21,"column":8},"end":{"line":51,"column":9}},{"start":{"line":53,"column":8},"end":{"line":58,"column":16}},{"start":{"line":60,"column":8},"end":{"line":63,"column":16}},{"start":{"line":65,"column":8},"end":{"line":66,"column":59}}]},"2":{"loc":{"start":{"line":26,"column":10},"end":{"line":28,"column":11}},"type":"if","locations":[{"start":{"line":26,"column":10},"end":{"line":28,"column":11}},{"start":{},"end":{}}]},"3":{"loc":{"start":{"line":43,"column":10},"end":{"line":49,"column":11}},"type":"if","locations":[{"start":{"line":43,"column":10},"end":{"line":49,"column":11}},{"start":{},"end":{}}]}},"s":{"0":2,"1":10,"2":11,"3":10,"4":10,"5":24,"6":26,"7":24,"8":26,"9":26,"10":1,"11":25,"12":15,"13":15,"14":15,"15":6,"16":9,"17":9,"18":9,"19":9,"20":9,"21":9,"22":9,"23":7,"24":7,"25":7,"26":9,"27":2,"28":2,"29":2,"30":7,"31":7,"32":7,"33":1},"f":{"0":10,"1":11,"2":26},"b":{"0":[1,25],"1":[15,2,7,1],"2":[6,9],"3":[7,2]}}
,"C:\\Users\\Lucie\\Documents\\carbon-it\\chasse-aux-tresors\\src\\utils\\mapInitUtils.ts": {"path":"C:\\Users\\Lucie\\Documents\\carbon-it\\chasse-aux-tresors\\src\\utils\\mapInitUtils.ts","statementMap":{"0":{"start":{"line":6,"column":0},"end":{"line":6,"column":16}},"1":{"start":{"line":14,"column":0},"end":{"line":14,"column":16}},"2":{"start":{"line":26,"column":0},"end":{"line":26,"column":16}},"3":{"start":{"line":1,"column":0},"end":{"line":1,"column":58}},"4":{"start":{"line":2,"column":0},"end":{"line":2,"column":70}},"5":{"start":{"line":3,"column":0},"end":{"line":3,"column":50}},"6":{"start":{"line":4,"column":0},"end":{"line":4,"column":46}},"7":{"start":{"line":7,"column":21},"end":{"line":9,"column":4}},"8":{"start":{"line":8,"column":4},"end":{"line":8,"column":46}},"9":{"start":{"line":11,"column":2},"end":{"line":11,"column":20}},"10":{"start":{"line":15,"column":24},"end":{"line":16,"column":null}},"11":{"start":{"line":16,"column":11},"end":{"line":16,"column":46}},"12":{"start":{"line":19,"column":2},"end":{"line":21,"column":3}},"13":{"start":{"line":20,"column":4},"end":{"line":20,"column":56}},"14":{"start":{"line":23,"column":2},"end":{"line":23,"column":66}},"15":{"start":{"line":31,"column":2},"end":{"line":73,"column":5}},"16":{"start":{"line":32,"column":22},"end":{"line":32,"column":34}},"17":{"start":{"line":34,"column":4},"end":{"line":72,"column":5}},"18":{"start":{"line":36,"column":8},"end":{"line":36,"column":14}},"19":{"start":{"line":39,"column":33},"end":{"line":41,"column":null}},"20":{"start":{"line":44,"column":8},"end":{"line":44,"column":77}},"21":{"start":{"line":45,"column":8},"end":{"line":45,"column":14}},"22":{"start":{"line":48,"column":33},"end":{"line":50,"column":null}},"23":{"start":{"line":53,"column":8},"end":{"line":53,"column":76}},"24":{"start":{"line":54,"column":8},"end":{"line":54,"column":14}},"25":{"start":{"line":57,"column":27},"end":{"line":62,"column":null}},"26":{"start":{"line":64,"column":8},"end":{"line":64,"column":42}},"27":{"start":{"line":66,"column":8},"end":{"line":67,"column":21}},"28":{"start":{"line":68,"column":8},"end":{"line":68,"column":14}},"29":{"start":{"line":71,"column":8},"end":{"line":71,"column":60}}},"fnMap":{"0":{"name":"parseInput","decl":{"start":{"line":6,"column":16},"end":{"line":6,"column":26}},"loc":{"start":{"line":6,"column":42},"end":{"line":12,"column":1}}},"1":{"name":"(anonymous_1)","decl":{"start":{"line":7,"column":31},"end":{"line":7,"column":32}},"loc":{"start":{"line":7,"column":48},"end":{"line":9,"column":3}}},"2":{"name":"getMapSize","decl":{"start":{"line":14,"column":16},"end":{"line":14,"column":26}},"loc":{"start":{"line":14,"column":49},"end":{"line":24,"column":1}}},"3":{"name":"(anonymous_3)","decl":{"start":{"line":16,"column":4},"end":{"line":16,"column":5}},"loc":{"start":{"line":16,"column":11},"end":{"line":16,"column":46}}},"4":{"name":"initializeMap","decl":{"start":{"line":26,"column":16},"end":{"line":26,"column":29}},"loc":{"start":{"line":29,"column":25},"end":{"line":74,"column":1}}},"5":{"name":"(anonymous_5)","decl":{"start":{"line":31,"column":21},"end":{"line":31,"column":22}},"loc":{"start":{"line":31,"column":45},"end":{"line":73,"column":3}}}},"branchMap":{"0":{"loc":{"start":{"line":19,"column":2},"end":{"line":21,"column":3}},"type":"if","locations":[{"start":{"line":19,"column":2},"end":{"line":21,"column":3}},{"start":{},"end":{}}]},"1":{"loc":{"start":{"line":34,"column":4},"end":{"line":72,"column":5}},"type":"switch","locations":[{"start":{"line":35,"column":6},"end":{"line":36,"column":14}},{"start":{"line":38,"column":6},"end":{"line":45,"column":14}},{"start":{"line":47,"column":6},"end":{"line":54,"column":14}},{"start":{"line":56,"column":6},"end":{"line":68,"column":14}},{"start":{"line":70,"column":6},"end":{"line":71,"column":60}}]}},"s":{"0":2,"1":2,"2":2,"3":2,"4":2,"5":2,"6":2,"7":7,"8":39,"9":7,"10":2,"11":2,"12":2,"13":1,"14":1,"15":11,"16":41,"17":41,"18":7,"19":13,"20":13,"21":13,"22":13,"23":13,"24":13,"25":7,"26":7,"27":7,"28":7,"29":1},"f":{"0":7,"1":39,"2":2,"3":2,"4":11,"5":41},"b":{"0":[1,1],"1":[7,13,13,7,1]}}
,"C:\\Users\\Lucie\\Documents\\carbon-it\\chasse-aux-tresors\\src\\utils\\outputFormatterUtils.ts": {"path":"C:\\Users\\Lucie\\Documents\\carbon-it\\chasse-aux-tresors\\src\\utils\\outputFormatterUtils.ts","statementMap":{"0":{"start":{"line":37,"column":0},"end":{"line":37,"column":16}},"1":{"start":{"line":1,"column":0},"end":{"line":1,"column":70}},"2":{"start":{"line":5,"column":24},"end":{"line":9,"column":1}},"3":{"start":{"line":6,"column":2},"end":{"line":8,"column":5}},"4":{"start":{"line":7,"column":4},"end":{"line":7,"column":55}},"5":{"start":{"line":5,"column":13},"end":{"line":5,"column":24}},"6":{"start":{"line":11,"column":25},"end":{"line":15,"column":1}},"7":{"start":{"line":12,"column":2},"end":{"line":14,"column":5}},"8":{"start":{"line":13,"column":4},"end":{"line":13,"column":56}},"9":{"start":{"line":11,"column":13},"end":{"line":11,"column":25}},"10":{"start":{"line":17,"column":25},"end":{"line":28,"column":1}},"11":{"start":{"line":18,"column":2},"end":{"line":27,"column":4}},"12":{"start":{"line":19,"column":4},"end":{"line":26,"column":38}},"13":{"start":{"line":21,"column":8},"end":{"line":23,"column":9}},"14":{"start":{"line":22,"column":10},"end":{"line":22,"column":88}},"15":{"start":{"line":24,"column":8},"end":{"line":24,"column":20}},"16":{"start":{"line":26,"column":24},"end":{"line":26,"column":37}},"17":{"start":{"line":17,"column":13},"end":{"line":17,"column":25}},"18":{"start":{"line":30,"column":25},"end":{"line":35,"column":1}},"19":{"start":{"line":31,"column":2},"end":{"line":34,"column":4}},"20":{"start":{"line":33,"column":6},"end":{"line":33,"column":189}},"21":{"start":{"line":30,"column":13},"end":{"line":30,"column":25}},"22":{"start":{"line":42,"column":36},"end":{"line":42,"column":51}},"23":{"start":{"line":44,"column":39},"end":{"line":44,"column":55}},"24":{"start":{"line":46,"column":39},"end":{"line":46,"column":57}},"25":{"start":{"line":48,"column":39},"end":{"line":48,"column":66}},"26":{"start":{"line":50,"column":32},"end":{"line":50,"column":34}},"27":{"start":{"line":52,"column":2},"end":{"line":52,"column":32}},"28":{"start":{"line":53,"column":2},"end":{"line":53,"column":38}},"29":{"start":{"line":54,"column":2},"end":{"line":54,"column":38}},"30":{"start":{"line":55,"column":2},"end":{"line":55,"column":38}},"31":{"start":{"line":57,"column":2},"end":{"line":57,"column":59}}},"fnMap":{"0":{"name":"(anonymous_0)","decl":{"start":{"line":5,"column":24},"end":{"line":5,"column":25}},"loc":{"start":{"line":5,"column":64},"end":{"line":9,"column":1}}},"1":{"name":"(anonymous_1)","decl":{"start":{"line":6,"column":20},"end":{"line":6,"column":21}},"loc":{"start":{"line":6,"column":37},"end":{"line":8,"column":3}}},"2":{"name":"(anonymous_2)","decl":{"start":{"line":11,"column":25},"end":{"line":11,"column":26}},"loc":{"start":{"line":11,"column":55},"end":{"line":15,"column":1}}},"3":{"name":"(anonymous_3)","decl":{"start":{"line":12,"column":22},"end":{"line":12,"column":23}},"loc":{"start":{"line":12,"column":39},"end":{"line":14,"column":3}}},"4":{"name":"(anonymous_4)","decl":{"start":{"line":17,"column":25},"end":{"line":17,"column":26}},"loc":{"start":{"line":17,"column":53},"end":{"line":28,"column":1}}},"5":{"name":"(anonymous_5)","decl":{"start":{"line":18,"column":31},"end":{"line":18,"column":32}},"loc":{"start":{"line":19,"column":4},"end":{"line":26,"column":38}}},"6":{"name":"(anonymous_6)","decl":{"start":{"line":20,"column":11},"end":{"line":20,"column":12}},"loc":{"start":{"line":20,"column":23},"end":{"line":25,"column":7}}},"7":{"name":"(anonymous_7)","decl":{"start":{"line":26,"column":14},"end":{"line":26,"column":15}},"loc":{"start":{"line":26,"column":24},"end":{"line":26,"column":37}}},"8":{"name":"(anonymous_8)","decl":{"start":{"line":30,"column":25},"end":{"line":30,"column":26}},"loc":{"start":{"line":30,"column":70},"end":{"line":35,"column":1}}},"9":{"name":"(anonymous_9)","decl":{"start":{"line":32,"column":4},"end":{"line":32,"column":5}},"loc":{"start":{"line":33,"column":6},"end":{"line":33,"column":189}}},"10":{"name":"formatRecapOutput","decl":{"start":{"line":37,"column":16},"end":{"line":37,"column":33}},"loc":{"start":{"line":40,"column":32},"end":{"line":58,"column":1}}}},"branchMap":{"0":{"loc":{"start":{"line":21,"column":8},"end":{"line":23,"column":9}},"type":"if","locations":[{"start":{"line":21,"column":8},"end":{"line":23,"column":9}},{"start":{},"end":{}}]},"1":{"loc":{"start":{"line":52,"column":19},"end":{"line":52,"column":30}},"type":"binary-expr","locations":[{"start":{"line":52,"column":19},"end":{"line":52,"column":24}},{"start":{"line":52,"column":28},"end":{"line":52,"column":30}}]},"2":{"loc":{"start":{"line":53,"column":23},"end":{"line":53,"column":35}},"type":"binary-expr","locations":[{"start":{"line":53,"column":23},"end":{"line":53,"column":29}},{"start":{"line":53,"column":33},"end":{"line":53,"column":35}}]},"3":{"loc":{"start":{"line":54,"column":23},"end":{"line":54,"column":35}},"type":"binary-expr","locations":[{"start":{"line":54,"column":23},"end":{"line":54,"column":29}},{"start":{"line":54,"column":33},"end":{"line":54,"column":35}}]},"4":{"loc":{"start":{"line":55,"column":23},"end":{"line":55,"column":35}},"type":"binary-expr","locations":[{"start":{"line":55,"column":23},"end":{"line":55,"column":29}},{"start":{"line":55,"column":33},"end":{"line":55,"column":35}}]}},"s":{"0":1,"1":1,"2":1,"3":3,"4":2,"5":1,"6":1,"7":2,"8":12,"9":1,"10":1,"11":2,"12":8,"13":24,"14":2,"15":22,"16":24,"17":1,"18":1,"19":2,"20":2,"21":1,"22":2,"23":2,"24":2,"25":2,"26":2,"27":2,"28":2,"29":2,"30":2,"31":2},"f":{"0":3,"1":2,"2":2,"3":12,"4":2,"5":8,"6":24,"7":24,"8":2,"9":2,"10":2},"b":{"0":[2,22],"1":[2,1],"2":[2,1],"3":[2,1],"4":[2,1]}}
,"C:\\Users\\Lucie\\Documents\\carbon-it\\chasse-aux-tresors\\src\\utils\\positionUtils.ts": {"path":"C:\\Users\\Lucie\\Documents\\carbon-it\\chasse-aux-tresors\\src\\utils\\positionUtils.ts","statementMap":{"0":{"start":{"line":3,"column":31},"end":{"line":14,"column":1}},"1":{"start":{"line":8,"column":2},"end":{"line":13,"column":4}},"2":{"start":{"line":3,"column":13},"end":{"line":3,"column":31}}},"fnMap":{"0":{"name":"(anonymous_0)","decl":{"start":{"line":3,"column":31},"end":{"line":3,"column":null}},"loc":{"start":{"line":7,"column":13},"end":{"line":14,"column":1}}}},"branchMap":{"0":{"loc":{"start":{"line":9,"column":4},"end":{"line":12,"column":34}},"type":"binary-expr","locations":[{"start":{"line":9,"column":4},"end":{"line":9,"column":27}},{"start":{"line":10,"column":4},"end":{"line":10,"column":27}},{"start":{"line":11,"column":4},"end":{"line":11,"column":33}},{"start":{"line":12,"column":4},"end":{"line":12,"column":34}}]}},"s":{"0":6,"1":140,"2":6},"f":{"0":140},"b":{"0":[140,139,136,134]}}
}
