TN:
SF:src\constants\CellType.enum.ts
FN:1,(anonymous_0)
FNF:1
FNH:1
FNDA:6,(anonymous_0)
DA:1,6
DA:2,6
DA:3,6
LF:3
LH:3
BRDA:1,0,0,6
BRDA:1,0,1,6
BRF:2
BRH:2
end_of_record
TN:
SF:src\constants\MapConfig.constants.ts
FNF:0
FNH:0
DA:1,5
DA:2,5
DA:3,5
DA:4,5
DA:5,5
DA:6,5
DA:8,5
LF:7
LH:7
BRF:0
BRH:0
end_of_record
TN:
SF:src\constants\Orientation.constants.ts
FNF:0
FNH:0
DA:1,4
DA:2,4
DA:3,4
DA:4,4
DA:6,4
LF:5
LH:5
BRF:0
BRH:0
end_of_record
TN:
SF:src\constants\Sequence.constants.ts
FNF:0
FNH:0
DA:1,1
DA:2,1
DA:3,1
DA:5,1
LF:4
LH:4
BRF:0
BRH:0
end_of_record
TN:
SF:src\models\Adventurer.ts
FN:15,(anonymous_0)
FN:29,(anonymous_1)
FN:48,(anonymous_2)
FN:67,(anonymous_3)
FN:91,(anonymous_4)
FN:110,(anonymous_5)
FN:137,(anonymous_6)
FNF:7
FNH:7
FNDA:31,(anonymous_0)
FNDA:6,(anonymous_1)
FNDA:6,(anonymous_2)
FNDA:15,(anonymous_3)
FNDA:7,(anonymous_4)
FNDA:6,(anonymous_5)
FNDA:1,(anonymous_6)
DA:1,4
DA:2,4
DA:4,4
DA:6,4
DA:8,4
DA:22,31
DA:23,31
DA:24,31
DA:25,31
DA:26,31
DA:30,6
DA:32,1
DA:33,1
DA:35,1
DA:36,1
DA:38,1
DA:39,1
DA:41,2
DA:42,2
DA:44,1
DA:49,6
DA:51,2
DA:52,2
DA:54,1
DA:55,1
DA:57,1
DA:58,1
DA:60,1
DA:61,1
DA:63,1
DA:68,15
DA:72,15
DA:74,9
DA:75,9
DA:77,1
DA:78,1
DA:80,1
DA:81,1
DA:83,3
DA:84,3
DA:86,1
DA:88,14
DA:92,7
DA:94,1
DA:95,1
DA:97,1
DA:98,1
DA:100,1
DA:101,1
DA:103,3
DA:104,3
DA:106,1
DA:111,6
DA:113,6
DA:114,1
DA:117,1
DA:119,5
DA:120,5
DA:121,1
DA:124,1
DA:127,4
DA:128,1
DA:131,1
DA:134,3
DA:138,1
LF:65
LH:65
BRDA:19,0,0,0
BRDA:30,1,0,1
BRDA:30,1,1,1
BRDA:30,1,2,1
BRDA:30,1,3,2
BRDA:30,1,4,1
BRDA:49,2,0,2
BRDA:49,2,1,1
BRDA:49,2,2,1
BRDA:49,2,3,1
BRDA:49,2,4,1
BRDA:72,3,0,9
BRDA:72,3,1,1
BRDA:72,3,2,1
BRDA:72,3,3,3
BRDA:72,3,4,1
BRDA:92,4,0,1
BRDA:92,4,1,1
BRDA:92,4,2,1
BRDA:92,4,3,3
BRDA:92,4,4,1
BRDA:113,5,0,1
BRDA:113,5,1,5
BRDA:120,6,0,1
BRDA:120,6,1,4
BRDA:127,7,0,1
BRDA:127,7,1,3
BRF:27
BRH:26
end_of_record
TN:
SF:src\models\Cell.ts
FN:8,(anonymous_0)
FN:14,(anonymous_1)
FN:21,(anonymous_2)
FNF:3
FNH:3
FNDA:464,(anonymous_0)
FNDA:4,(anonymous_1)
FNDA:2,(anonymous_2)
DA:1,6
DA:3,6
DA:9,464
DA:10,464
DA:11,464
DA:15,4
DA:16,1
DA:18,3
DA:22,2
DA:23,1
DA:25,1
LF:11
LH:11
BRDA:15,0,0,1
BRDA:15,0,1,3
BRDA:22,1,0,1
BRDA:22,1,1,1
BRF:4
BRH:4
end_of_record
TN:
SF:src\models\Grid.ts
FN:13,(anonymous_0)
FN:16,(anonymous_1)
FN:19,(anonymous_2)
FN:24,(anonymous_3)
FN:31,(anonymous_4)
FN:35,(anonymous_5)
FN:39,(anonymous_6)
FNF:7
FNH:6
FNDA:40,(anonymous_0)
FNDA:154,(anonymous_1)
FNDA:460,(anonymous_2)
FNDA:36,(anonymous_3)
FNDA:5,(anonymous_4)
FNDA:4,(anonymous_5)
FNDA:0,(anonymous_6)
DA:1,5
DA:2,5
DA:3,5
DA:6,5
DA:8,5
DA:11,40
DA:14,40
DA:15,40
DA:16,40
DA:17,154
DA:19,460
DA:25,36
DA:26,4
DA:28,32
DA:32,5
DA:36,4
DA:40,0
DA:41,0
DA:42,0
DA:43,0
DA:45,0
DA:46,0
DA:47,0
DA:48,0
DA:49,0
DA:50,0
DA:52,0
DA:55,0
LF:28
LH:16
BRDA:25,0,0,4
BRDA:25,0,1,32
BRDA:45,1,0,0
BRDA:45,1,1,0
BRDA:47,2,0,0
BRDA:47,2,1,0
BRDA:49,3,0,0
BRDA:49,3,1,0
BRF:8
BRH:2
end_of_record
TN:
SF:src\models\Position.ts
FN:5,(anonymous_0)
FNF:1
FNH:1
FNDA:75,(anonymous_0)
DA:1,6
DA:6,75
DA:7,75
LF:3
LH:3
BRF:0
BRH:0
end_of_record
TN:
SF:src\utils\adventurerMovementSimulatorUtils.ts
FN:4,silmulateAdventurerMovement
FN:8,(anonymous_1)
FN:9,(anonymous_2)
FNF:3
FNH:3
FNDA:4,silmulateAdventurerMovement
FNDA:4,(anonymous_1)
FNDA:5,(anonymous_2)
DA:4,1
DA:8,4
DA:9,4
DA:10,5
DA:12,2
DA:13,2
DA:14,2
DA:16,2
DA:18,2
DA:19,2
DA:21,2
DA:25,2
DA:26,0
DA:27,0
DA:28,0
DA:33,2
DA:36,1
DA:37,1
DA:40,1
DA:41,1
DA:44,1
LF:21
LH:18
BRDA:10,0,0,2
BRDA:10,0,1,1
BRDA:10,0,2,1
BRDA:10,0,3,1
BRDA:12,1,0,2
BRDA:12,1,1,0
BRDA:25,2,0,0
BRDA:25,2,1,2
BRF:8
BRH:6
end_of_record
TN:
SF:src\utils\mapInitUtils.ts
FN:6,parseInput
FN:7,(anonymous_1)
FN:14,getMapSize
FN:16,(anonymous_3)
FN:26,initializeMap
FN:31,(anonymous_5)
FNF:6
FNH:6
FNDA:1,parseInput
FNDA:3,(anonymous_1)
FNDA:2,getMapSize
FNDA:2,(anonymous_3)
FNDA:4,initializeMap
FNDA:4,(anonymous_5)
DA:1,1
DA:2,1
DA:3,1
DA:4,1
DA:6,1
DA:7,1
DA:8,3
DA:11,1
DA:14,1
DA:15,2
DA:16,2
DA:19,2
DA:20,1
DA:23,1
DA:26,1
DA:31,4
DA:32,4
DA:34,4
DA:36,0
DA:39,1
DA:44,1
DA:45,1
DA:48,1
DA:53,1
DA:54,0
DA:57,1
DA:66,1
DA:69,1
LF:28
LH:26
BRDA:19,0,0,1
BRDA:19,0,1,1
BRDA:34,1,0,0
BRDA:34,1,1,1
BRDA:34,1,2,1
BRDA:34,1,3,1
BRDA:34,1,4,1
BRF:7
BRH:6
end_of_record
TN:
SF:src\utils\outputFormatterUtils.ts
FN:5,(anonymous_0)
FN:6,(anonymous_1)
FN:11,(anonymous_2)
FN:12,(anonymous_3)
FN:17,(anonymous_4)
FN:18,(anonymous_5)
FN:20,(anonymous_6)
FN:26,(anonymous_7)
FN:30,(anonymous_8)
FN:32,(anonymous_9)
FN:37,formatRecapOutput
FNF:11
FNH:11
FNDA:1,(anonymous_0)
FNDA:1,(anonymous_1)
FNDA:1,(anonymous_2)
FNDA:1,(anonymous_3)
FNDA:1,(anonymous_4)
FNDA:2,(anonymous_5)
FNDA:4,(anonymous_6)
FNDA:4,(anonymous_7)
FNDA:1,(anonymous_8)
FNDA:1,(anonymous_9)
FNDA:1,formatRecapOutput
DA:1,1
DA:5,1
DA:6,1
DA:7,1
DA:11,1
DA:12,1
DA:13,1
DA:17,1
DA:18,1
DA:19,2
DA:21,4
DA:22,0
DA:24,4
DA:26,4
DA:30,1
DA:31,1
DA:33,1
DA:37,1
DA:42,1
DA:44,1
DA:46,1
DA:48,1
DA:50,1
DA:52,1
DA:53,1
DA:54,1
DA:55,1
DA:57,1
LF:28
LH:27
BRDA:21,0,0,0
BRDA:21,0,1,4
BRDA:52,1,0,1
BRDA:52,1,1,0
BRDA:53,2,0,1
BRDA:53,2,1,0
BRDA:54,3,0,1
BRDA:54,3,1,0
BRDA:55,4,0,1
BRDA:55,4,1,0
BRF:10
BRH:5
end_of_record
TN:
SF:src\utils\positionUtils.ts
FN:3,(anonymous_0)
FNF:1
FNH:1
FNDA:47,(anonymous_0)
DA:3,6
DA:8,47
LF:2
LH:2
BRDA:9,0,0,47
BRDA:9,0,1,46
BRDA:9,0,2,44
BRDA:9,0,3,39
BRF:4
BRH:4
end_of_record
