TN:
SF:src\constants\CellType.enum.ts
FN:1,(anonymous_0)
FNF:1
FNH:1
FNDA:6,(anonymous_0)
DA:1,6
DA:2,6
DA:3,6
LF:3
LH:3
BRDA:1,0,0,6
BRDA:1,0,1,6
BRF:2
BRH:2
end_of_record
TN:
SF:src\constants\MapConfig.constants.ts
FNF:0
FNH:0
DA:1,5
DA:2,5
DA:3,5
DA:4,5
DA:5,5
DA:6,5
DA:8,5
LF:7
LH:7
BRF:0
BRH:0
end_of_record
TN:
SF:src\constants\Orientation.constants.ts
FNF:0
FNH:0
DA:1,5
DA:2,5
DA:3,5
DA:4,5
DA:6,5
LF:5
LH:5
BRF:0
BRH:0
end_of_record
TN:
SF:src\constants\Sequence.constants.ts
FNF:0
FNH:0
DA:1,3
DA:2,3
DA:3,3
DA:5,3
LF:4
LH:4
BRF:0
BRH:0
end_of_record
TN:
SF:src\models\Adventurer.ts
FN:15,(anonymous_0)
FN:29,(anonymous_1)
FN:48,(anonymous_2)
FN:67,(anonymous_3)
FN:91,(anonymous_4)
FN:148,(anonymous_5)
FNF:6
FNH:6
FNDA:43,(anonymous_0)
FNDA:7,(anonymous_1)
FNDA:12,(anonymous_2)
FNDA:43,(anonymous_3)
FNDA:19,(anonymous_4)
FNDA:8,(anonymous_5)
DA:1,5
DA:2,5
DA:4,5
DA:6,5
DA:8,5
DA:22,43
DA:23,43
DA:24,43
DA:25,43
DA:26,43
DA:30,7
DA:32,1
DA:33,1
DA:35,1
DA:36,1
DA:38,2
DA:39,2
DA:41,2
DA:42,2
DA:44,1
DA:49,12
DA:51,1
DA:52,1
DA:54,1
DA:55,1
DA:57,4
DA:58,4
DA:60,5
DA:61,5
DA:63,1
DA:68,43
DA:72,43
DA:74,11
DA:75,11
DA:77,11
DA:78,11
DA:80,9
DA:81,9
DA:83,11
DA:84,11
DA:86,1
DA:88,42
DA:92,19
DA:94,19
DA:95,2
DA:98,2
DA:101,17
DA:103,17
DA:104,4
DA:107,4
DA:110,13
DA:111,13
DA:112,3
DA:115,3
DA:118,10
DA:149,8
LF:56
LH:56
BRDA:19,0,0,20
BRDA:30,1,0,1
BRDA:30,1,1,1
BRDA:30,1,2,2
BRDA:30,1,3,2
BRDA:30,1,4,1
BRDA:49,2,0,1
BRDA:49,2,1,1
BRDA:49,2,2,4
BRDA:49,2,3,5
BRDA:49,2,4,1
BRDA:72,3,0,11
BRDA:72,3,1,11
BRDA:72,3,2,9
BRDA:72,3,3,11
BRDA:72,3,4,1
BRDA:94,4,0,2
BRDA:94,4,1,17
BRDA:103,5,0,4
BRDA:103,5,1,13
BRDA:111,6,0,3
BRDA:111,6,1,10
BRDA:111,7,0,13
BRDA:111,7,1,12
BRF:24
BRH:24
end_of_record
TN:
SF:src\models\Cell.ts
FN:9,(anonymous_0)
FN:15,(anonymous_1)
FN:22,(anonymous_2)
FNF:3
FNH:3
FNDA:529,(anonymous_0)
FNDA:25,(anonymous_1)
FNDA:2,(anonymous_2)
DA:1,6
DA:4,6
DA:10,529
DA:11,529
DA:12,529
DA:16,25
DA:17,1
DA:19,24
DA:23,2
DA:24,1
DA:26,1
LF:11
LH:11
BRDA:16,0,0,1
BRDA:16,0,1,24
BRDA:23,1,0,1
BRDA:23,1,1,1
BRF:4
BRH:4
end_of_record
TN:
SF:src\models\Grid.ts
FN:13,(anonymous_0)
FN:16,(anonymous_1)
FN:19,(anonymous_2)
FN:24,(anonymous_3)
FN:31,(anonymous_4)
FN:35,(anonymous_5)
FN:39,(anonymous_6)
FNF:7
FNH:7
FNDA:44,(anonymous_0)
FNDA:175,(anonymous_1)
FNDA:525,(anonymous_2)
FNDA:116,(anonymous_3)
FNDA:31,(anonymous_4)
FNDA:23,(anonymous_5)
FNDA:1,(anonymous_6)
DA:1,5
DA:2,5
DA:3,5
DA:6,5
DA:8,5
DA:11,44
DA:14,44
DA:15,44
DA:16,44
DA:17,175
DA:19,525
DA:25,116
DA:26,1
DA:28,115
DA:32,31
DA:36,23
DA:40,1
DA:41,4
DA:42,4
DA:43,12
DA:45,12
DA:46,1
DA:47,11
DA:48,1
DA:49,10
DA:50,1
DA:52,9
DA:55,4
LF:28
LH:28
BRDA:25,0,0,1
BRDA:25,0,1,115
BRDA:45,1,0,1
BRDA:45,1,1,11
BRDA:47,2,0,1
BRDA:47,2,1,10
BRDA:49,3,0,1
BRDA:49,3,1,9
BRF:8
BRH:8
end_of_record
TN:
SF:src\models\Position.ts
FN:5,(anonymous_0)
FNF:1
FNH:1
FNDA:145,(anonymous_0)
DA:1,6
DA:6,145
DA:7,145
LF:3
LH:3
BRF:0
BRH:0
end_of_record
TN:
SF:src\utils\adventurerMovementSimulatorUtils.ts
FN:4,silmulateAdventurerMovement
FN:8,(anonymous_1)
FN:13,(anonymous_2)
FNF:3
FNH:3
FNDA:10,silmulateAdventurerMovement
FNDA:11,(anonymous_1)
FNDA:26,(anonymous_2)
DA:4,2
DA:8,11
DA:10,10
DA:12,24
DA:13,26
DA:16,24
DA:17,26
DA:18,26
DA:20,25
DA:22,15
DA:23,15
DA:26,15
DA:27,6
DA:30,9
DA:31,9
DA:34,9
DA:35,9
DA:36,9
DA:38,9
DA:43,9
DA:44,7
DA:45,7
DA:46,7
DA:50,9
DA:54,2
DA:55,2
DA:58,2
DA:61,7
DA:62,7
DA:63,7
DA:66,1
LF:31
LH:31
BRDA:18,0,0,1
BRDA:18,0,1,25
BRDA:20,1,0,15
BRDA:20,1,1,2
BRDA:20,1,2,7
BRDA:20,1,3,1
BRDA:26,2,0,6
BRDA:26,2,1,9
BRDA:43,3,0,7
BRDA:43,3,1,2
BRF:10
BRH:10
end_of_record
TN:
SF:src\utils\mapInitUtils.ts
FN:6,parseInput
FN:7,(anonymous_1)
FN:14,getMapSize
FN:16,(anonymous_3)
FN:26,initializeMap
FN:31,(anonymous_5)
FNF:6
FNH:6
FNDA:7,parseInput
FNDA:39,(anonymous_1)
FNDA:2,getMapSize
FNDA:2,(anonymous_3)
FNDA:11,initializeMap
FNDA:41,(anonymous_5)
DA:1,2
DA:2,2
DA:3,2
DA:4,2
DA:6,2
DA:7,7
DA:8,39
DA:11,7
DA:14,2
DA:15,2
DA:16,2
DA:19,2
DA:20,1
DA:23,1
DA:26,2
DA:31,11
DA:32,41
DA:34,41
DA:36,7
DA:39,13
DA:44,13
DA:45,13
DA:48,13
DA:53,13
DA:54,13
DA:57,7
DA:64,7
DA:66,7
DA:68,7
DA:71,1
LF:30
LH:30
BRDA:19,0,0,1
BRDA:19,0,1,1
BRDA:34,1,0,7
BRDA:34,1,1,13
BRDA:34,1,2,13
BRDA:34,1,3,7
BRDA:34,1,4,1
BRF:7
BRH:7
end_of_record
TN:
SF:src\utils\outputFormatterUtils.ts
FN:5,(anonymous_0)
FN:6,(anonymous_1)
FN:11,(anonymous_2)
FN:12,(anonymous_3)
FN:17,(anonymous_4)
FN:18,(anonymous_5)
FN:20,(anonymous_6)
FN:26,(anonymous_7)
FN:30,(anonymous_8)
FN:32,(anonymous_9)
FN:37,formatRecapOutput
FNF:11
FNH:11
FNDA:3,(anonymous_0)
FNDA:2,(anonymous_1)
FNDA:2,(anonymous_2)
FNDA:12,(anonymous_3)
FNDA:2,(anonymous_4)
FNDA:8,(anonymous_5)
FNDA:24,(anonymous_6)
FNDA:24,(anonymous_7)
FNDA:2,(anonymous_8)
FNDA:2,(anonymous_9)
FNDA:2,formatRecapOutput
DA:1,1
DA:5,1
DA:6,3
DA:7,2
DA:11,1
DA:12,2
DA:13,12
DA:17,1
DA:18,2
DA:19,8
DA:21,24
DA:22,2
DA:24,22
DA:26,24
DA:30,1
DA:31,2
DA:33,2
DA:37,1
DA:42,2
DA:44,2
DA:46,2
DA:48,2
DA:50,2
DA:52,2
DA:53,2
DA:54,2
DA:55,2
DA:57,2
LF:28
LH:28
BRDA:21,0,0,2
BRDA:21,0,1,22
BRDA:52,1,0,2
BRDA:52,1,1,1
BRDA:53,2,0,2
BRDA:53,2,1,1
BRDA:54,3,0,2
BRDA:54,3,1,1
BRDA:55,4,0,2
BRDA:55,4,1,1
BRF:10
BRH:10
end_of_record
TN:
SF:src\utils\positionUtils.ts
FN:3,(anonymous_0)
FNF:1
FNH:1
FNDA:140,(anonymous_0)
DA:3,6
DA:8,140
LF:2
LH:2
BRDA:9,0,0,140
BRDA:9,0,1,139
BRDA:9,0,2,136
BRDA:9,0,3,134
BRF:4
BRH:4
end_of_record
